<?xml version="1.0" encoding="UTF-8"?>
<!-- Generated by org.testng.reporters.JUnitReportReporter -->
<testsuite skipped="0" hostname="LTMX125205" name="demo.TestNGDependencyDemo" tests="3" failures="0" timestamp="2020-06-10T15:54:56 CDT" time="0.010" errors="0">
  <testcase name="test1" time="0.001" classname="demo.TestNGDependencyDemo"/>
  <system-out/>
  <testcase name="test3" time="0.001" classname="demo.TestNGDependencyDemo"/>
  <system-out/>
  <testcase name="test2" time="0.008" classname="demo.TestNGDependencyDemo"/>
  <system-out/>
</testsuite> <!-- demo.TestNGDependencyDemo -->
