<?xml version="1.0" encoding="UTF-8"?>
<!-- Generated by org.testng.reporters.JUnitReportReporter -->
<testsuite skipped="1" hostname="LTMX125205" name="demo.TestIgnoreDemo" tests="2" failures="0" timestamp="2020-06-10T15:57:48 CDT" time="0.007" errors="0">
  <testcase name="test2" time="0.007" classname="demo.TestIgnoreDemo"/>
  <system-out/>
  <testcase name="test1" classname="demo.TestIgnoreDemo">
    <skipped/>
  </testcase> <!-- test1 -->
  <system-out/>
</testsuite> <!-- demo.TestIgnoreDemo -->
