<?xml version="1.0" encoding="UTF-8"?>
<!-- Generated by org.testng.reporters.JUnitReportReporter -->
<testsuite skipped="1" hostname="LTMX125205" name="listeners.TestNGListenerDemo2" tests="3" failures="0" timestamp="2020-06-08T17:36:00 CDT" time="0.004" errors="0">
  <testcase name="test6" time="0.001" classname="listeners.TestNGListenerDemo2">
    <skipped/>
  </testcase> <!-- test6 -->
  <system-out/>
  <testcase name="test5" time="0.001" classname="listeners.TestNGListenerDemo2"/>
  <system-out/>
  <testcase name="test4" time="0.002" classname="listeners.TestNGListenerDemo2"/>
  <system-out/>
</testsuite> <!-- listeners.TestNGListenerDemo2 -->
