<?xml version="1.0" encoding="UTF-8"?>
<!-- Generated by org.testng.reporters.JUnitReportReporter -->
<testsuite skipped="0" hostname="LTMX125205" name="test.TestNG_Demo" tests="1" failures="0" timestamp="2020-06-15T12:42:33 CDT" time="7.817" errors="0">
  <testcase name="googleSearch" time="7.817" classname="test.TestNG_Demo"/>
  <system-out/>
</testsuite> <!-- test.TestNG_Demo -->
