<?xml version="1.0" encoding="UTF-8"?>
<!-- Generated by org.testng.reporters.JUnitReportReporter -->
<testsuite skipped="0" hostname="LTMX125205" name="test.TestNG_Demo2" tests="1" failures="0" timestamp="2020-06-05T15:48:35 CDT" time="7.313" errors="0">
  <testcase name="googleSearch3" time="7.313" classname="test.TestNG_Demo2"/>
  <system-out/>
</testsuite> <!-- test.TestNG_Demo2 -->
