<?xml version="1.0" encoding="UTF-8"?>
<!-- Generated by org.testng.reporters.JUnitReportReporter -->
<testsuite skipped="0" hostname="LTMX125205" name="demo.TestNgGroupsDemo" tests="4" failures="0" timestamp="2020-06-10T15:38:57 CDT" time="0.010" errors="0">
  <testcase name="test4" time="0.001" classname="demo.TestNgGroupsDemo"/>
  <system-out/>
  <testcase name="test2" time="0.001" classname="demo.TestNgGroupsDemo"/>
  <system-out/>
  <testcase name="test3" time="0.001" classname="demo.TestNgGroupsDemo"/>
  <system-out/>
  <testcase name="test1" time="0.007" classname="demo.TestNgGroupsDemo"/>
  <system-out/>
</testsuite> <!-- demo.TestNgGroupsDemo -->
