<?xml version="1.0" encoding="UTF-8"?>
<!-- Generated by org.testng.reporters.JUnitReportReporter -->
<testsuite skipped="0" hostname="LTMX125205" name="demo.TestNGParametersDemo" tests="1" failures="0" timestamp="2020-06-10T15:46:31 CDT" time="0.006" errors="0">
  <testcase name="test" time="0.006" classname="demo.TestNGParametersDemo"/>
  <system-out/>
</testsuite> <!-- demo.TestNGParametersDemo -->
